[debug] [2021-04-29T13:27:21.479Z] ----------------------------------------------------------------------
[debug] [2021-04-29T13:27:21.481Z] Command:       C:\Program Files\nodejs\node.exe C:\Users\Szepi\AppData\Roaming\npm\node_modules\firebase-tools\lib\bin\firebase.js init
[debug] [2021-04-29T13:27:21.481Z] CLI Version:   9.10.0
[debug] [2021-04-29T13:27:21.481Z] Platform:      win32
[debug] [2021-04-29T13:27:21.481Z] Node Version:  v14.15.0
[debug] [2021-04-29T13:27:21.482Z] Time:          Thu Apr 29 2021 15:27:21 GMT+0200 (közép-európai nyári idő)
[debug] [2021-04-29T13:27:21.482Z] ----------------------------------------------------------------------
[debug] 
[debug] [2021-04-29T13:27:21.490Z] > command requires scopes: ["email","openid","https://www.googleapis.com/auth/cloudplatformprojects.readonly","https://www.googleapis.com/auth/firebase","https://www.googleapis.com/auth/cloud-platform"]
[debug] [2021-04-29T13:27:21.490Z] > authorizing via signed-in user (szeppisti28@gmail.com)
[info] 
     ######## #### ########  ######## ########     ###     ######  ########
     ##        ##  ##     ## ##       ##     ##  ##   ##  ##       ##
     ######    ##  ########  ######   ########  #########  ######  ######
     ##        ##  ##    ##  ##       ##     ## ##     ##       ## ##
     ##       #### ##     ## ######## ########  ##     ##  ######  ########

You're about to initialize a Firebase project in this directory:

  D:\Merevlemez Asztal\Egyetem\IV.felev\webkert\gyakorlo\fhirgoal

[info] 
=== Project Setup
[info] 
[info] First, let's associate this project directory with a Firebase project.
[info] You can create multiple project aliases by running firebase use --add, 
[info] but for now we'll just set up a default project.
[info] 
[debug] [2021-04-29T13:29:15.149Z] >>> [apiv2][query] GET https://firebase.googleapis.com/v1beta1/availableProjects pageSize=100
[debug] [2021-04-29T13:29:15.697Z] <<< [apiv2][status] GET https://firebase.googleapis.com/v1beta1/availableProjects 200
[debug] [2021-04-29T13:29:15.697Z] <<< [apiv2][body] GET https://firebase.googleapis.com/v1beta1/availableProjects [omitted]
